17:19:08.764 [main] INFO  testCases.TC_001_LoginTest - Execution is starting......
17:19:08.792 [main] INFO  testCases.TC_001_LoginTest - Providing the user credentials
17:24:17.928 [main] INFO  testCases.TC_001_LoginTest - Execution is starting......
17:24:17.952 [main] INFO  testCases.TC_001_LoginTest - Providing the user credentials
17:24:18.118 [main] INFO  testCases.TC_001_LoginTest - login to the account....
17:24:49.280 [main] INFO  testCases.TC_001_LoginTest - Execution is starting......
17:24:49.310 [main] INFO  testCases.TC_001_LoginTest - Providing the user credentials
17:24:49.506 [main] INFO  testCases.TC_001_LoginTest - login to the account....
17:26:46.889 [main] INFO  testCases.TC_001_LoginTest - Execution is starting......
17:26:46.946 [main] INFO  testCases.TC_001_LoginTest - Providing the user credentials
17:26:47.138 [main] INFO  testCases.TC_001_LoginTest - login to the account....
17:26:47.175 [main] INFO  testCases.TC_001_LoginTest - Validating the user login.....
17:26:49.481 [main] INFO  testCases.TC_001_LoginTest - User logged into the my sutra application...
18:52:46.869 [main] INFO  testCases.TC_001_LoginTest - Execution is starting......
18:52:46.896 [main] INFO  testCases.TC_001_LoginTest - Providing the user credentials
18:52:47.306 [main] INFO  testCases.TC_001_LoginTest - login to the account....
18:52:47.350 [main] INFO  testCases.TC_001_LoginTest - Validating the user login.....
11:54:58.538 [main] INFO  testCases.TC_001_LoginTest - Execution is starting......
11:54:58.571 [main] INFO  testCases.TC_001_LoginTest - Providing the user credentials
11:54:59.380 [main] INFO  testCases.TC_001_LoginTest - login to the account....
11:54:59.429 [main] INFO  testCases.TC_001_LoginTest - Validating the user login.....
11:56:18.460 [main] INFO  testCases.TC_001_LoginTest - Execution is starting......
11:56:18.509 [main] INFO  testCases.TC_001_LoginTest - Providing the user credentials
11:56:18.759 [main] INFO  testCases.TC_001_LoginTest - login to the account....
11:56:18.812 [main] INFO  testCases.TC_001_LoginTest - Validating the user login.....
11:56:39.124 [main] INFO  testCases.TC_001_LoginTest - Execution is starting......
11:56:39.125 [main] INFO  testCases.TC_001_LoginTest - Providing the user credentials
11:56:39.949 [main] INFO  testCases.TC_001_LoginTest - login to the account....
11:56:39.982 [main] INFO  testCases.TC_001_LoginTest - Validating the user login.....
